[16-Apr-2021 22:06:08] NOTICE: fpm is running, pid 1992
[16-Apr-2021 22:06:08] NOTICE: ready to handle connections
[16-Apr-2021 22:35:29] NOTICE: Terminating ...
[16-Apr-2021 22:35:29] NOTICE: Terminating ...
[16-Apr-2021 22:35:29] NOTICE: exiting, bye-bye!
[16-Apr-2021 22:35:38] NOTICE: fpm is running, pid 3576
[16-Apr-2021 22:35:38] NOTICE: ready to handle connections
[17-Apr-2021 01:20:19] NOTICE: Terminating ...
[17-Apr-2021 01:20:19] NOTICE: Terminating ...
[17-Apr-2021 01:20:19] NOTICE: exiting, bye-bye!
[17-Apr-2021 13:44:19] NOTICE: fpm is running, pid 1363
[17-Apr-2021 13:44:19] NOTICE: ready to handle connections
[17-Apr-2021 18:02:15] NOTICE: Terminating ...
[17-Apr-2021 18:02:15] NOTICE: Terminating ...
[17-Apr-2021 18:02:15] NOTICE: exiting, bye-bye!
[17-Apr-2021 18:20:53] NOTICE: fpm is running, pid 3042
[17-Apr-2021 18:20:53] NOTICE: ready to handle connections
[17-Apr-2021 18:48:58] NOTICE: Terminating ...
[17-Apr-2021 18:48:58] NOTICE: Terminating ...
[17-Apr-2021 18:48:58] NOTICE: exiting, bye-bye!
[19-Jul-2021 20:56:30] NOTICE: fpm is running, pid 2498
[19-Jul-2021 20:56:30] NOTICE: ready to handle connections
[19-Jul-2021 21:06:21] NOTICE: Terminating ...
[19-Jul-2021 21:06:21] NOTICE: Terminating ...
[19-Jul-2021 21:06:21] NOTICE: exiting, bye-bye!
